<?xml version="1.0" encoding="UTF-8"?>
<testsuite xmlns:xsi="http://www.w3.org/2001/XMLSchema-instance" xsi:noNamespaceSchemaLocation="https://maven.apache.org/surefire/maven-surefire-plugin/xsd/surefire-test-report-3.0.xsd" version="3.0" name="ie.atu.week6.PassengerTest" time="0.315" tests="12" errors="0" skipped="0" failures="0">
  <properties>
[...]
</properties>
  <testcase name="success_test_Title" classname="ie.atu.week6.PassengerTest" time="0.089"/>
  <testcase name="test_success_Age_check" classname="ie.atu.week6.PassengerTest" time="0.003"/>
  <testcase name="test_success_name_check" classname="ie.atu.week6.PassengerTest" time="0.003"/>
  <testcase name="success_test_Title_Ms" classname="ie.atu.week6.PassengerTest" time="0.005"/>
  <testcase name="test_fail_title_check" classname="ie.atu.week6.PassengerTest" time="0.019"/>
  <testcase name="test_fail_Phone_check" classname="ie.atu.week6.PassengerTest" time="0.012"/>
  <testcase name="success_test_Title_Mrs" classname="ie.atu.week6.PassengerTest" time="0.006"/>
  <testcase name="test_fail_name" classname="ie.atu.week6.PassengerTest" time="0.014"/>
  <testcase name="test_fail_ID_check" classname="ie.atu.week6.PassengerTest" time="0.008"/>
  <testcase name="test_success_Phone_check" classname="ie.atu.week6.PassengerTest" time="0.005"/>
  <testcase name="test_success_ID_check" classname="ie.atu.week6.PassengerTest" time="0.009"/>
  <testcase name="test_fail_Age_check" classname="ie.atu.week6.PassengerTest" time="0.006"/>
</testsuite>